<?xml version="1.0" encoding="UTF-8"?>
<testsuite xmlns:xsi="http://www.w3.org/2001/XMLSchema-instance" xsi:noNamespaceSchemaLocation="https://maven.apache.org/surefire/maven-surefire-plugin/xsd/surefire-test-report.xsd" name="jiandan.SpinMatrixTest" time="0" tests="3" errors="0" skipped="0" failures="0">
  <properties>
[...]
</properties>
  <testcase name="spiralOrder1" classname="jiandan.SpinMatrixTest" time="0"/>
  <testcase name="spiralOrder2" classname="jiandan.SpinMatrixTest" time="0"/>
  <testcase name="spiralOrder3" classname="jiandan.SpinMatrixTest" time="0"/>
</testsuite>